[    0.000000] Initializing cgroup subsys cpuset
[    0.000000] Initializing cgroup subsys cpu
[    0.000000] Initializing cgroup subsys cpuacct
[    0.000000] Linux version 4.4.0-112-generic (buildd@lgw01-amd64-010) (gcc version 5.4.0 20160609 (Ubuntu 5.4.0-6ubuntu1~16.04.5) ) #135-Ubuntu SMP Fri Jan 19 11:48:36 UTC 2018 (Ubuntu 4.4.0-112.135-generic 4.4.98)
[    0.000000] Command line: BOOT_IMAGE=/boot/vmlinuz-4.4.0-112-generic root=LABEL=cloudimg-rootfs ro console=tty1 console=ttyS0
[    0.000000] KERNEL supported cpus:
[    0.000000]   Intel GenuineIntel
[    0.000000]   AMD AuthenticAMD
[    0.000000]   Centaur CentaurHauls
[    0.000000] x86/fpu: xstate_offset[2]:  576, xstate_sizes[2]:  256
[    0.000000] x86/fpu: Supporting XSAVE feature 0x01: 'x87 floating point registers'
[    0.000000] x86/fpu: Supporting XSAVE feature 0x02: 'SSE registers'
[    0.000000] x86/fpu: Supporting XSAVE feature 0x04: 'AVX registers'
[    0.000000] x86/fpu: Enabled xstate features 0x7, context size is 832 bytes, using 'standard' format.
[    0.000000] x86/fpu: Using 'lazy' FPU context switches.
[    0.000000] e820: BIOS-provided physical RAM map:
[    0.000000] BIOS-e820: [mem 0x0000000000000000-0x000000000009fbff] usable
[    0.000000] BIOS-e820: [mem 0x000000000009fc00-0x000000000009ffff] reserved
[    0.000000] BIOS-e820: [mem 0x00000000000f0000-0x00000000000fffff] reserved
[    0.000000] BIOS-e820: [mem 0x0000000000100000-0x000000007ffeffff] usable
[    0.000000] BIOS-e820: [mem 0x000000007fff0000-0x000000007fffffff] ACPI data
[    0.000000] BIOS-e820: [mem 0x00000000fec00000-0x00000000fec00fff] reserved
[    0.000000] BIOS-e820: [mem 0x00000000fee00000-0x00000000fee00fff] reserved
[    0.000000] BIOS-e820: [mem 0x00000000fffc0000-0x00000000ffffffff] reserved
[    0.000000] NX (Execute Disable) protection: active
[    0.000000] SMBIOS 2.5 present.
[    0.000000] Hypervisor detected: KVM
[    0.000000] e820: last_pfn = 0x7fff0 max_arch_pfn = 0x400000000
[    0.000000] MTRR: Disabled
[    0.000000] x86/PAT: MTRRs disabled, skipping PAT initialization too.
[    0.000000] CPU MTRRs all blank - virtualized system.
[    0.000000] x86/PAT: Configuration [0-7]: WB  WT  UC- UC  WB  WT  UC- UC  
[    0.000000] found SMP MP-table at [mem 0x0009fff0-0x0009ffff] mapped at [ffff88000009fff0]
[    0.000000] Scanning 1 areas for low memory corruption
[    0.000000] RAMDISK: [mem 0x36ade000-0x37566fff]
[    0.000000] ACPI: Early table checksum verification disabled
[    0.000000] ACPI: RSDP 0x00000000000E0000 000024 (v02 VBOX  )
[    0.000000] ACPI: XSDT 0x000000007FFF0030 00003C (v01 VBOX   VBOXXSDT 00000001 ASL  00000061)
[    0.000000] ACPI: FACP 0x000000007FFF00F0 0000F4 (v04 VBOX   VBOXFACP 00000001 ASL  00000061)
[    0.000000] ACPI: DSDT 0x000000007FFF0470 0021FF (v02 VBOX   VBOXBIOS 00000002 INTL 20100528)
[    0.000000] ACPI: FACS 0x000000007FFF0200 000040
[    0.000000] ACPI: FACS 0x000000007FFF0200 000040
[    0.000000] ACPI: APIC 0x000000007FFF0240 00005C (v02 VBOX   VBOXAPIC 00000001 ASL  00000061)
[    0.000000] ACPI: SSDT 0x000000007FFF02A0 0001CC (v01 VBOX   VBOXCPUT 00000002 INTL 20100528)
[    0.000000] No NUMA configuration found
[    0.000000] Faking a node at [mem 0x0000000000000000-0x000000007ffeffff]
[    0.000000] NODE_DATA(0) allocated [mem 0x7ffeb000-0x7ffeffff]
[    0.000000] kvm-clock: Using msrs 4b564d01 and 4b564d00
[    0.000000] kvm-clock: cpu 0, msr 0:7ffe3001, primary cpu clock
[    0.000000] kvm-clock: using sched offset of 5752943078 cycles
[    0.000000] clocksource: kvm-clock: mask: 0xffffffffffffffff max_cycles: 0x1cd42e4dffb, max_idle_ns: 881590591483 ns
[    0.000000] Zone ranges:
[    0.000000]   DMA      [mem 0x0000000000001000-0x0000000000ffffff]
[    0.000000]   DMA32    [mem 0x0000000001000000-0x000000007ffeffff]
[    0.000000]   Normal   empty
[    0.000000]   Device   empty
[    0.000000] Movable zone start for each node
[    0.000000] Early memory node ranges
[    0.000000]   node   0: [mem 0x0000000000001000-0x000000000009efff]
[    0.000000]   node   0: [mem 0x0000000000100000-0x000000007ffeffff]
[    0.000000] Initmem setup node 0 [mem 0x0000000000001000-0x000000007ffeffff]
[    0.000000] ACPI: PM-Timer IO Port: 0x4008
[    0.000000] IOAPIC[0]: apic_id 2, version 32, address 0xfec00000, GSI 0-23
[    0.000000] ACPI: INT_SRC_OVR (bus 0 bus_irq 0 global_irq 2 dfl dfl)
[    0.000000] ACPI: INT_SRC_OVR (bus 0 bus_irq 9 global_irq 9 high level)
[    0.000000] Using ACPI (MADT) for SMP configuration information
[    0.000000] smpboot: Allowing 2 CPUs, 0 hotplug CPUs
[    0.000000] PM: Registered nosave memory: [mem 0x00000000-0x00000fff]
[    0.000000] PM: Registered nosave memory: [mem 0x0009f000-0x0009ffff]
[    0.000000] PM: Registered nosave memory: [mem 0x000a0000-0x000effff]
[    0.000000] PM: Registered nosave memory: [mem 0x000f0000-0x000fffff]
[    0.000000] e820: [mem 0x80000000-0xfebfffff] available for PCI devices
[    0.000000] Booting paravirtualized kernel on KVM
[    0.000000] clocksource: refined-jiffies: mask: 0xffffffff max_cycles: 0xffffffff, max_idle_ns: 7645519600211568 ns
[    0.000000] setup_percpu: NR_CPUS:512 nr_cpumask_bits:512 nr_cpu_ids:2 nr_node_ids:1
[    0.000000] PERCPU: Embedded 34 pages/cpu @ffff88007fc00000 s99544 r8192 d31528 u1048576
[    0.000000] PV qspinlock hash table entries: 256 (order: 0, 4096 bytes)
[    0.000000] Built 1 zonelists in Node order, mobility grouping on.  Total pages: 515961
[    0.000000] Policy zone: DMA32
[    0.000000] Kernel command line: BOOT_IMAGE=/boot/vmlinuz-4.4.0-112-generic root=LABEL=cloudimg-rootfs ro console=tty1 console=ttyS0
[    0.000000] PID hash table entries: 4096 (order: 3, 32768 bytes)
[    0.000000] Memory: 2033936K/2096696K available (8499K kernel code, 1309K rwdata, 3988K rodata, 1508K init, 1316K bss, 62760K reserved, 0K cma-reserved)
[    0.000000] SLUB: HWalign=64, Order=0-3, MinObjects=0, CPUs=2, Nodes=1
[    0.000000] Kernel/User page tables isolation: enabled
[    0.000000] Hierarchical RCU implementation.
[    0.000000] 	Build-time adjustment of leaf fanout to 64.
[    0.000000] 	RCU restricting CPUs from NR_CPUS=512 to nr_cpu_ids=2.
[    0.000000] RCU: Adjusting geometry for rcu_fanout_leaf=64, nr_cpu_ids=2
[    0.000000] NR_IRQS:33024 nr_irqs:440 16
[    0.000000] Console: colour VGA+ 80x25
[    0.000000] console [tty1] enabled
[    0.000000] console [ttyS0] enabled
[    0.000000] tsc: Detected 2807.998 MHz processor
[   15.546908] Calibrating delay loop (skipped) preset value.. 5615.99 BogoMIPS (lpj=11231992)
[   15.706605] pid_max: default: 32768 minimum: 301
[   15.850235] ACPI: Core revision 20150930
[   15.947646] ACPI: 2 ACPI AML tables successfully acquired and loaded
[   16.134707] Security Framework initialized
[   16.252218] Yama: becoming mindful.
[   16.357702] AppArmor: AppArmor initialized
[   16.484085] Dentry cache hash table entries: 262144 (order: 9, 2097152 bytes)
[   16.661219] Inode-cache hash table entries: 131072 (order: 8, 1048576 bytes)
[   16.815703] Mount-cache hash table entries: 4096 (order: 3, 32768 bytes)
[   17.014726] Mountpoint-cache hash table entries: 4096 (order: 3, 32768 bytes)
[   17.229024] Initializing cgroup subsys io
[   17.350254] Initializing cgroup subsys memory
[   17.453960] Initializing cgroup subsys devices
[   17.566713] Initializing cgroup subsys freezer
[   17.671124] Initializing cgroup subsys net_cls
[   17.767823] Initializing cgroup subsys perf_event
[   17.831091] Initializing cgroup subsys net_prio
[   17.943105] Initializing cgroup subsys hugetlb
[   18.048449] Initializing cgroup subsys pids
[   18.142783] CPU: Physical Processor ID: 0
[   18.241166] CPU: Processor Core ID: 0
[   18.327206] FEATURE SPEC_CTRL Not Present
[   18.444078] mce: CPU supports 0 MCE banks
[   18.555087] Last level iTLB entries: 4KB 64, 2MB 8, 4MB 8
[   18.680855] Last level dTLB entries: 4KB 64, 2MB 0, 4MB 0, 1GB 4
[   18.821073] Freeing SMP alternatives memory: 32K
[   18.911837] ftrace: allocating 32180 entries in 126 pages
[   19.061492] smpboot: APIC(0) Converting physical 0 to logical package 0
[   19.217154] smpboot: Max logical packages: 1
[   19.319566] x2apic enabled
[   19.379057] Switched APIC routing to physical x2apic.
[   19.472876] ..TIMER: vector=0x30 apic1=0 pin1=2 apic2=-1 pin2=-1
[   19.743135] smpboot: CPU0: Intel(R) Core(TM) i7-7700HQ CPU @ 2.80GHz (family: 0x6, model: 0x9e, stepping: 0x9)
[   19.998968] Performance Events: unsupported p6 CPU model 158 no PMU driver, software events only.
[   20.185630] KVM setup paravirtual spinlock
[   20.311083] x86: Booting SMP configuration:
[   20.418656] .... node  #0, CPUs:      #1
[   20.494771] kvm-clock: cpu 1, msr 0:7ffe3041, secondary cpu clock
[   20.624559] mce: CPU supports 0 MCE banks
[   20.738102] x86: Booted up 1 node, 2 CPUs
[   20.847341] smpboot: Total of 2 processors activated (11231.99 BogoMIPS)
[   21.040652] devtmpfs: initialized
[   21.117125] evm: security.selinux
[   21.142554] evm: security.SMACK64
[   21.168076] evm: security.SMACK64EXEC
[   21.249887] evm: security.SMACK64TRANSMUTE
[   21.321623] evm: security.SMACK64MMAP
[   21.439085] evm: security.ima
[   21.508866] evm: security.capability
[   21.620037] clocksource: jiffies: mask: 0xffffffff max_cycles: 0xffffffff, max_idle_ns: 7645041785100000 ns
[   21.908942] futex hash table entries: 512 (order: 3, 32768 bytes)
[   22.067990] pinctrl core: initialized pinctrl subsystem
[   22.215243] RTC time: 20:20:35, date: 02/14/18
[   22.289160] NET: Registered protocol family 16
[   22.435938] cpuidle: using governor ladder
[   22.563324] cpuidle: using governor menu
[   22.679201] PCCT header not found.
[   22.779900] ACPI: bus type PCI registered
[   22.897808] acpiphp: ACPI Hot Plug PCI Controller Driver version: 0.5
[   23.093506] PCI: Using configuration type 1 for base access
[   23.271243] ACPI: Added _OSI(Module Device)
[   23.371575] ACPI: Added _OSI(Processor Device)
[   23.441811] ACPI: Added _OSI(3.0 _SCP Extensions)
[   23.582425] ACPI: Added _OSI(Processor Aggregator Device)
[   23.735713] ACPI: Executed 1 blocks of module-level executable AML code
[   23.926419] ACPI: Interpreter enabled
[   24.029714] ACPI: (supports S0 S5)
[   24.123960] ACPI: Using IOAPIC for interrupt routing
[   24.264138] PCI: Using host bridge windows from ACPI; if necessary, use "pci=nocrs" and report a bug
[   24.493867] ACPI: PCI Root Bridge [PCI0] (domain 0000 [bus 00-ff])
[   24.636722] acpi PNP0A03:00: _OSC: OS supports [ASPM ClockPM Segments MSI]
[   24.831553] acpi PNP0A03:00: _OSC: not requesting OS control; OS requires [ExtendedConfig ASPM ClockPM MSI]
[   25.094450] acpi PNP0A03:00: fail to add MMCONFIG information, can't access extended PCI configuration space under this bridge.
[   25.290147] PCI host bridge to bus 0000:00
[   25.348215] pci_bus 0000:00: root bus resource [io  0x0000-0x0cf7 window]
[   25.497743] pci_bus 0000:00: root bus resource [io  0x0d00-0xffff window]
[   25.606393] pci_bus 0000:00: root bus resource [mem 0x000a0000-0x000bffff window]
[   25.788553] pci_bus 0000:00: root bus resource [mem 0x80000000-0xffdfffff window]
[   26.019519] pci_bus 0000:00: root bus resource [bus 00-ff]
[   26.185345] pci 0000:00:01.1: legacy IDE quirk: reg 0x10: [io  0x01f0-0x01f7]
[   26.376690] pci 0000:00:01.1: legacy IDE quirk: reg 0x14: [io  0x03f6]
[   26.568371] pci 0000:00:01.1: legacy IDE quirk: reg 0x18: [io  0x0170-0x0177]
[   26.708289] pci 0000:00:01.1: legacy IDE quirk: reg 0x1c: [io  0x0376]
[   26.911888] pci 0000:00:07.0: quirk: [io  0x4000-0x403f] claimed by PIIX4 ACPI
[   27.134114] pci 0000:00:07.0: quirk: [io  0x4100-0x410f] claimed by PIIX4 SMB
[   27.354889] ACPI: PCI Interrupt Link [LNKA] (IRQs 5 9 10 *11)
[   27.505318] ACPI: PCI Interrupt Link [LNKB] (IRQs 5 9 10 *11)
[   27.606807] ACPI: PCI Interrupt Link [LNKC] (IRQs 5 9 *10 11)
[   27.755660] ACPI: PCI Interrupt Link [LNKD] (IRQs 5 *9 10 11)
[   27.834976] ACPI: Enabled 2 GPEs in block 00 to 07
[   27.836492] vgaarb: setting as boot device: PCI:0000:00:02.0
[   27.938920] vgaarb: device added: PCI:0000:00:02.0,decodes=io+mem,owns=io+mem,locks=none
[   28.120457] vgaarb: loaded
[   28.177456] vgaarb: bridge control possible 0000:00:02.0
[   28.295593] SCSI subsystem initialized
[   28.397997] ACPI: bus type USB registered
[   28.484770] usbcore: registered new interface driver usbfs
[   28.645854] usbcore: registered new interface driver hub
[   28.786793] usbcore: registered new device driver usb
[   28.903586] PCI: Using ACPI for IRQ routing
[   28.948948] NetLabel: Initializing
[   29.040762] NetLabel:  domain hash size = 128
[   29.159383] NetLabel:  protocols = UNLABELED CIPSOv4
[   29.293152] NetLabel:  unlabeled traffic allowed by default
[   29.446613] amd_nb: Cannot enumerate AMD northbridges
[   29.529410] clocksource: Switched to clocksource kvm-clock
[   29.685575] AppArmor: AppArmor Filesystem Enabled
[   29.817849] pnp: PnP ACPI init
[   29.903749] pnp: PnP ACPI: found 3 devices
[   30.019853] clocksource: acpi_pm: mask: 0xffffff max_cycles: 0xffffff, max_idle_ns: 2085701024 ns
[   30.264352] NET: Registered protocol family 2
[   30.377418] TCP established hash table entries: 16384 (order: 5, 131072 bytes)
[   30.590212] TCP bind hash table entries: 16384 (order: 6, 262144 bytes)
[   30.782137] TCP: Hash tables configured (established 16384 bind 16384)
[   30.957352] UDP hash table entries: 1024 (order: 3, 32768 bytes)
[   31.134773] UDP-Lite hash table entries: 1024 (order: 3, 32768 bytes)
[   31.315789] NET: Registered protocol family 1
[   31.444066] pci 0000:00:00.0: Limiting direct PCI/PCI transfers
[   31.620785] pci 0000:00:01.0: Activating ISA DMA hang workarounds
[   31.794673] Unpacking initramfs...
[   33.411644] Freeing initrd memory: 10788K
[   33.533170] platform rtc_cmos: registered platform RTC device (no PNP device found)
[   33.758145] Scanning for low memory corruption every 60 seconds
[   33.938672] audit: initializing netlink subsys (disabled)
[   34.091336] audit: type=2000 audit(1518639626.571:1): initialized
[   34.264166] Initialise system trusted keyring
[   34.387561] HugeTLB registered 2 MB page size, pre-allocated 0 pages
[   34.503034] zbud: loaded
[   34.550847] tsc: Refined TSC clocksource calibration: 2806.966 MHz
[   34.747537] clocksource: tsc: mask: 0xffffffffffffffff max_cycles: 0x2875f52b9b7, max_idle_ns: 440795236466 ns
[   34.747840] VFS: Disk quotas dquot_6.6.0
[   34.747865] VFS: Dquot-cache hash table entries: 512 (order 0, 4096 bytes)
[   34.748042] squashfs: version 4.0 (2009/01/31) Phillip Lougher
[   34.748214] fuse init (API version 7.23)
[   34.748304] Key type big_key registered
[   34.748325] Allocating IMA MOK and blacklist keyrings.
[   34.748459] Key type asymmetric registered
[   34.748463] Asymmetric key parser 'x509' registered
[   34.748488] Block layer SCSI generic (bsg) driver version 0.4 loaded (major 249)
[   34.748507] io scheduler noop registered
[   34.748508] io scheduler deadline registered (default)
[   34.748528] io scheduler cfq registered
[   34.748685] pci_hotplug: PCI Hot Plug PCI Core version: 0.5
[   34.748689] pciehp: PCI Express Hot Plug Controller Driver version: 0.4
[   34.749051] ACPI: AC Adapter [AC] (on-line)
[   34.749111] input: Power Button as /devices/LNXSYSTM:00/LNXPWRBN:00/input/input0
[   34.749114] ACPI: Power Button [PWRF]
[   34.749228] input: Sleep Button as /devices/LNXSYSTM:00/LNXSLPBN:00/input/input1
[   34.749230] ACPI: Sleep Button [SLPF]
[   34.749394] GHES: HEST is not enabled!
[   34.750373] ACPI: Battery Slot [BAT0] (battery present)
[   34.750407] Serial: 8250/16550 driver, 32 ports, IRQ sharing enabled
[   35.080470] 00:02: ttyS0 at I/O 0x3f8 (irq = 4, base_baud = 115200) is a 16550A
[   35.189909] Linux agpgart interface v0.103
[   35.492668] loop: module loaded
[   35.493154] scsi host0: ata_piix
[   35.493193] scsi host1: ata_piix
[   35.493216] ata1: PATA max UDMA/33 cmd 0x1f0 ctl 0x3f6 bmdma 0xd000 irq 14
[   35.493217] ata2: PATA max UDMA/33 cmd 0x170 ctl 0x376 bmdma 0xd008 irq 15
[   35.493271] libphy: Fixed MDIO Bus: probed
[   35.493273] tun: Universal TUN/TAP device driver, 1.6
[   35.493273] tun: (C) 1999-2004 Max Krasnyansky <maxk@qualcomm.com>
[   35.493641] PPP generic driver version 2.4.2
[   35.493681] ehci_hcd: USB 2.0 'Enhanced' Host Controller (EHCI) Driver
[   35.493683] ehci-pci: EHCI PCI platform driver
[   35.493694] ehci-platform: EHCI generic platform driver
[   35.493700] ohci_hcd: USB 1.1 'Open' Host Controller (OHCI) Driver
[   35.493703] ohci-pci: OHCI PCI platform driver
[   35.493709] ohci-platform: OHCI generic platform driver
[   35.493714] uhci_hcd: USB Universal Host Controller Interface driver
[   35.493753] i8042: PNP: PS/2 Controller [PNP0303:PS2K,PNP0f03:PS2M] at 0x60,0x64 irq 1,12
[   35.602219] serio: i8042 KBD port at 0x60,0x64 irq 1
[   35.602225] serio: i8042 AUX port at 0x60,0x64 irq 12
[   35.602353] mousedev: PS/2 mouse device common for all mice
[   35.602692] rtc_cmos rtc_cmos: rtc core: registered rtc_cmos as rtc0
[   35.602739] rtc_cmos rtc_cmos: alarms up to one day, 114 bytes nvram
[   35.602745] i2c /dev entries driver
[   35.602791] device-mapper: uevent: version 1.0.3
[   35.602833] device-mapper: ioctl: 4.34.0-ioctl (2015-10-28) initialised: dm-devel@redhat.com
[   35.602849] ledtrig-cpu: registered to indicate activity on CPUs
[   35.603100] NET: Registered protocol family 10
[   35.603229] NET: Registered protocol family 17
[   35.603238] Key type dns_resolver registered
[   35.725723] microcode: CPU0 sig=0x906e9, pf=0x8, revision=0x0
[   35.725781] microcode: CPU1 sig=0x906e9, pf=0x8, revision=0x0
[   35.725834] microcode: Microcode Update Driver: v2.01 <tigran@aivazian.fsnet.co.uk>, Peter Oruba
[   35.725934] registered taskstats version 1
[   35.725944] Loading compiled-in X.509 certificates
[   35.726414] Loaded X.509 cert 'Build time autogenerated kernel key: 4c603087bab8f0a02cb3b4e1fb4c40f507e71ef1'
[   35.726430] zswap: loaded using pool lzo/zbud
[   35.727948] Key type trusted registered
[   35.730436] Key type encrypted registered
[   35.730440] AppArmor: AppArmor sha1 policy hashing enabled
[   35.730443] ima: No TPM chip found, activating TPM-bypass!
[   35.730457] evm: HMAC attrs: 0x1
[   35.730811]   Magic number: 6:420:346
[   35.730826] tty tty63: hash matches
[   35.849487] rtc_cmos rtc_cmos: setting system clock to 2018-02-14 20:20:49 UTC (1518639649)
[   35.849608] BIOS EDD facility v0.16 2004-Jun-25, 0 devices found
[   35.849609] EDD information not available.
[   36.596129] input: AT Translated Set 2 keyboard as /devices/platform/i8042/serio0/input/input2
[   44.372118] Freeing unused kernel memory: 1508K
[   44.445877] Write protecting the kernel read-only data: 14336k
[   44.463026] Freeing unused kernel memory: 1728K
[   44.475056] Freeing unused kernel memory: 108K
Loading, please wait...
starting version[   44.509263] random: systemd-udevd: uninitialized urandom read (16 bytes read, 9 bits of entropy available)
 229
[   44.509900] random: udevadm: uninitialized urandom read (16 bytes read, 9 bits of entropy available)
[   44.509920] random: udevadm: uninitialized urandom read (16 bytes read, 9 bits of entropy available)
[   44.520000] random: udevadm: uninitialized urandom read (16 bytes read, 9 bits of entropy available)
[   44.520040] random: udevadm: uninitialized urandom read (16 bytes read, 9 bits of entropy available)
[   44.520181] random: udevadm: uninitialized urandom read (16 bytes read, 9 bits of entropy available)
[   44.520235] random: udevadm: uninitialized urandom read (16 bytes read, 9 bits of entropy available)
[   44.520288] random: udevadm: uninitialized urandom read (16 bytes read, 9 bits of entropy available)
[   44.520344] random: udevadm: uninitialized urandom read (16 bytes read, 9 bits of entropy available)
[   44.520396] random: udevadm: uninitialized urandom read (16 bytes read, 9 bits of entropy available)
[   47.184847] e1000: Intel(R) PRO/1000 Network Driver - version 7.3.21-k8-NAPI
[   47.472272] e1000: Copyright (c) 1999-2006 Intel Corporation.
[   47.472349] Fusion MPT base driver 3.04.20
[   47.472349] Copyright (c) 1999-2008 LSI Corporation
[   47.837355] Fusion MPT SPI Host driver 3.04.20
[   48.003585] AVX version of gcm_enc/dec engaged.
[   48.124820] AES CTR mode by8 optimization enabled
[   48.251587] input: ImExPS/2 Generic Explorer Mouse as /devices/platform/i8042/serio1/input/input4
[   48.364823] e1000 0000:00:03.0 eth0: (PCI:33MHz:32-bit) 02:78:11:2a:a4:64
[   48.507165] e1000 0000:00:03.0 eth0: Intel(R) PRO/1000 Network Connection
[   48.697616] mptbase: ioc0: Initiating bringup
[   48.890327] ioc0: LSI53C1030 A0: Capabilities={Initiator}
[   49.216713] scsi host2: ioc0: LSI53C1030 A0, FwRev=00000000h, Ports=1, MaxQ=256, IRQ=20
[   49.568275] scsi 2:0:0:0: Direct-Access     VBOX     HARDDISK         1.0  PQ: 0 ANSI: 5
[   49.859076] scsi target2:0:0: Beginning Domain Validation
[   49.990856] scsi target2:0:0: Domain Validation skipping write tests
[   50.046298] scsi target2:0:0: Ending Domain Validation
[   50.142853] scsi target2:0:0: asynchronous
[   50.206828] scsi 2:0:1:0: Direct-Access     VBOX     HARDDISK         1.0  PQ: 0 ANSI: 5
[   50.374506] e1000 0000:00:08.0 eth1: (PCI:33MHz:32-bit) 08:00:27:dd:60:65
[   50.374510] e1000 0000:00:08.0 eth1: Intel(R) PRO/1000 Network Connection
[   50.652381] e1000 0000:00:03.0 enp0s3: renamed from eth0
[   50.781673] floppy0: no floppy controllers found
[   51.107239] scsi target2:0:1: Beginning Domain Validation
[   51.135425] e1000 0000:00:08.0 enp0s8: renamed from eth1
[   51.144825] scsi target2:0:1: Domain Validation skipping write tests
[   51.144825] scsi target2:0:1: Ending Domain Validation
[   51.144864] scsi target2:0:1: asynchronous
[   51.689716] sd 2:0:0:0: Attached scsi generic sg0 type 0
[   51.689948] sd 2:0:1:0: Attached scsi generic sg1 type 0
[   51.690711] sd 2:0:0:0: [sda] 20971520 512-byte logical blocks: (10.7 GB/10.0 GiB)
[   51.690850] sd 2:0:1:0: [sdb] 20480 512-byte logical blocks: (10.5 MB/10.0 MiB)
[   51.691053] sd 2:0:0:0: [sda] Write Protect is off
[   51.691151] sd 2:0:1:0: [sdb] Write Protect is off
[   51.691272] sd 2:0:0:0: [sda] Incomplete mode parameter data
[   51.691273] sd 2:0:0:0: [sda] Assuming drive cache: write through
[   51.691371] sd 2:0:1:0: [sdb] Incomplete mode parameter data
[   51.691372] sd 2:0:1:0: [sdb] Assuming drive cache: write through
[   51.698560]  sda: sda1
[   51.699369] sd 2:0:0:0: [sda] Attached SCSI disk
[   51.700155] sd 2:0:1:0: [sdb] Attached SCSI disk
Begin: Loading e[   54.954242] md: linear personality registered for level -1
ssential drivers[   55.123075] md: multipath personality registered for level -4
 ... [   55.296133] md: raid0 personality registered for level 0
[   55.461558] md: raid1 personality registered for level 1
[   55.609554] raid6: sse2x1   gen()  8435 MB/s
[   55.753596] raid6: sse2x1   xor()  5258 MB/s
[   55.889902] raid6: sse2x2   gen() 11166 MB/s
[   56.081410] raid6: sse2x2   xor()  7845 MB/s
[   56.273795] raid6: sse2x4   gen() 13389 MB/s
[   56.473410] raid6: sse2x4   xor()  8437 MB/s
[   56.597693] raid6: using algorithm sse2x4 gen() 13389 MB/s
[   56.677970] raid6: .... xor() 8437 MB/s, rmw enabled
[   56.679047] raid6: using ssse3x2 recovery algorithm
[   56.681564] xor: automatically using best checksumming function:
[   56.721398]    avx       : 22554.000 MB/sec
[   56.831278] async_tx: api initialized (async)
[   57.030662] md: raid6 personality registered for level 6
[   57.242410] md: raid5 personality registered for level 5
[   57.414546] md: raid4 personality registered for level 4
[   57.655822] md: raid10 personality registered for level 10
done.
Begin: Running /scripts/init-p[   57.785977] Btrfs loaded
remount ... done.
Begin: Mounting root file system ... Begin: Running /scripts/[   57.878621] EXT4-fs (sda1): mounted filesystem with ordered data mode. Opts: (null)
local-top ... done.
Begin: Running /scripts/local-premount ... Scanning for Btrfs filesystems
done.
Warning: fsck not present, so skipping root file system
done.
Begin: Running /scripts/local-bottom ... done.
Begin: Running /scripts/init-bottom ... done.
[   58.281973] systemd[1]: systemd 229 running in system mode. (+PAM +AUDIT +SELINUX +IMA +APPARMOR +SMACK +SYSVINIT +UTMP +LIBCRYPTSETUP +GCRYPT +GNUTLS +ACL +XZ -LZ4 +SECCOMP +BLKID +ELFUTILS +KMOD -IDN)
[   58.737140] systemd[1]: Detected virtualization oracle.
[   58.849850] systemd[1]: Detected architecture x86-64.

Welcome to [1mUbuntu 16.04.3 LTS[0m!

[   58.974647] systemd[1]: Set hostname to <ubuntu>.
[   59.132618] systemd[1]: Initializing machine ID from random generator.
[   59.313071] systemd[1]: Installed transient /etc/machine-id file.
[   59.498115] random: nonblocking pool is initialized
[   59.780879] systemd[1]: Reached target Swap.
[[0;32m  OK  [0m] Reached target Swap.
[   59.933753] systemd[1]: Reached target Encrypted Volumes.
[[0;32m  OK  [0m] Reached target Encrypted Volumes.
[   60.130426] systemd[1]: Listening on Journal Socket (/dev/log).
[[0;32m  OK  [0m] Listening on Journal Socket (/dev/log).
[   60.369939] systemd[1]: Listening on udev Control Socket.
[[0;32m  OK  [0m] Listening on udev Control Socket.
[   60.577884] systemd[1]: Listening on udev Kernel Socket.
[[0;32m  OK  [0m] Listening on udev Kernel Socket.
[   60.802483] systemd[1]: Listening on Syslog Socket.
[[0;32m  OK  [0m] Listening on Syslog Socket.
[   61.006011] systemd[1]: Set up automount Arbitrary Executable File Formats File System Automount Point.
[[0;32m  OK  [0m] Set up automount Arbitrary Executab...ats File System Automount Point.
[   61.361998] systemd[1]: Listening on /dev/initctl Compatibility Named Pipe.
[[0;32m  OK  [0m] Listening on /dev/initctl Compatibility Named Pipe.
[   61.646111] systemd[1]: Listening on LVM2 metadata daemon socket.
[[0;32m  OK  [0m] Listening on LVM2 metadata daemon socket.
[   61.897843] systemd[1]: Listening on Device-mapper event daemon FIFOs.
[[0;32m  OK  [0m] Listening on Device-mapper event daemon FIFOs.
[   62.147082] systemd[1]: Listening on LVM2 poll daemon socket.
[[0;32m  OK  [0m] Listening on LVM2 poll daemon socket.
[   62.354300] systemd[1]: Started Forward Password Requests to Wall Directory Watch.
[[0;32m  OK  [0m] Started Forward Password Requests to Wall Directory Watch.
[   62.670969] systemd[1]: Created slice User and Session Slice.
[[0;32m  OK  [0m] Created slice User and Session Slice.
[   62.914693] systemd[1]: Created slice System Slice.
[[0;32m  OK  [0m] Created slice System Slice.
[   63.110151] systemd[1]: Reached target Slices.
[[0;32m  OK  [0m] Reached target Slices.
[   63.273946] systemd[1]: Created slice system-serial\x2dgetty.slice.
[[0;32m  OK  [0m] Created slice system-serial\x2dgetty.slice.
[   63.525813] systemd[1]: Listening on Journal Socket.
[[0;32m  OK  [0m] Listening on Journal Socket.
[   63.745731] systemd[1]: Starting Set console keymap...
         Starting Set console keymap...
[   63.945628] systemd[1]: Starting Create list of required static device nodes for the current kernel...
         Starting Create list of required st... nodes for the current kernel...
[   64.129719] systemd[1]: Starting Nameserver information manager...
         Starting Nameserver information manager...
[   64.242475] systemd[1]: Starting Monitoring of LVM2 mirrors, snapshots etc. using dmeventd or progress polling...
         Starting Monitoring of LVM2 mirrors... dmeventd or progress polling...
[   64.441604] systemd[1]: Mounting Debug File System...
         Mounting Debug File System...
[   64.557617] systemd[1]: Mounting Huge Pages File System...
         Mounting Huge Pages File System...
[   64.677796] systemd[1]: Mounting POSIX Message Queue File System...
         Mounting POSIX Message Queue File System...
[   64.929663] systemd[1]: Starting Remount Root and Kernel File Systems...
         Starting Remount[   65.131615] EXT4-fs (sda1): re-mounted. Opts: (null)
 Root and Kernel File Systems...
[   65.330353] systemd[1]: Reached target User and Group Name Lookups.
[[0;32m  OK  [0m] Reached target User and Group Name Lookups.
[   65.537891] systemd[1]: Starting Uncomplicated firewall...
         Starting Uncomplicated firewall...
[   65.717973] systemd[1]: Started Trigger resolvconf update for networkd DNS.
[[0;32m  OK  [0m] Started Trigger resolvconf update for networkd DNS.
[   65.982062] systemd[1]: Listening on Journal Audit Socket.
[[0;32m  OK  [0m] Listening on Journal Audit Socket.
[   66.217830] systemd[1]: Starting Journal Service...
         Starting Journal Service...
[   66.385853] systemd[1]: Starting Load Kernel Modules...
         Starting Load Ke[   66.534106] Loading iSCSI transport class v2.0-870.
rnel Modules...
[   66.600023] iscsi: registered transport (tcp)
[   66.638966] systemd[1]: Mounted POSIX Message Queue File System.
[[0;32m  OK  [0m] Mounted POSIX[   66.664619] iscsi: registered transport (iser)
 Message Queue File System.
[   66.797878] systemd[1]: Mounted Huge Pages File System.
[[0;32m  OK  [0m] Mounted Huge Pages File System.
[   66.949995] systemd[1]: Mounted Debug File System.
[[0;32m  OK  [0m] Mounted Debug File System.
[   67.102058] systemd[1]: Started Journal Service.
[[0;32m  OK  [0m] Started Journal Service.
[[0;32m  OK  [0m] Started Set console keymap.
[[0;32m  OK  [0m] Started Create list of required sta...ce nodes for the current kernel.
[[0;32m  OK  [0m] Started Remount Root and Kernel File Systems.
[[0;32m  OK  [0m] Started Uncomplicated firewall.
[[0;32m  OK  [0m] Started Load Kernel Modules.
[[0;32m  OK  [0m] Started Nameserver information manager.
[[0;32m  OK  [0m] Started LVM2 metadata daemon.
         Starting Apply Kernel Variables...
         Mounting FUSE Control File System...
         Starting Initial cloud-init job (pre-networking)...
         Starting udev Coldplug all Devices...
         Starting Load/Save Random Seed...
         Starting Create Static Device Nodes in /dev...
         Starting Flush Journal to Persistent Storage...
[[0;32m  OK  [0m] Mounted FUSE Control File System.
[[0;32m  OK  [0m] Started Apply Kernel Variables.
[[0;32m  OK  [0m] Started Load/Save Random Seed.
[[0;32m  OK  [0m] Started Create Static Device Nodes in /dev.
[[0;32m  OK  [0m] Started Monitoring of LVM2 mirrors,...ng dmeventd or progress polling.
[[0;32m  OK  [0m] Started udev Coldplug all Devices.
[[0;32m  OK  [0m] Started Flush Journal to Persistent Storage.
         Starting udev Kernel Device Manager...
[[0;32m  OK  [0m] Started udev Kernel Device Manager.
[[0;32m  OK  [0m] Reached target Local File Systems (Pre).
[[0;32m  OK  [0m] Reached target Local File Systems.
         Starting Create Volatile Files and Directories...
         Starting Commit a transient machine-id on disk...
         Starting LSB: AppArmor initialization...
[   40.053252] cloud-init[446]: Cloud-init v. 17.1 running 'init-local' at Wed, 14 Feb 2018 20:21:22 +0000. Up 39.68 seconds.
         Starting Set console font and keymap...
         Starting Tell Plymouth To Write Out Runtime Data...
[[0;32m  OK  [0m] Started Dispatch Password Requests to Console Directory Watch.
[[0;32m  OK  [0m] Started Create Volatile Files and Directories.
[[0;32m  OK  [0m] Started Commit a transient machine-id on disk.
[[0;32m  OK  [0m] Started Set console font and keymap.
[[0;32m  OK  [0m] Started Tell Plymouth To Write Out Runtime Data.
[[0;32m  OK  [0m] Started Initial cloud-init job (pre-networking).
[[0;32m  OK  [0m] Found device /dev/ttyS0.
[[0;32m  OK  [0m] Listening on Load/Save RF Kill Switch Status /dev/rfkill Watch.
[[0;32m  OK  [0m] Reached target Network (Pre).
[[0;32m  OK  [0m] Created slice system-getty.slice.
         Starting Update UTMP about System Boot/Shutdown...
[[0;32m  OK  [0m] Reached target System Time Synchronized.
[[0;32m  OK  [0m] Started Update UTMP about System Boot/Shutdown.
[[0;32m  OK  [0m] Started LSB: AppArmor initialization.
         Starting Raise network interfaces...
[[0;32m  OK  [0m] Started ifup for enp0s3.
[[0;32m  OK  [0m] Started Raise network interfaces.
[[0;32m  OK  [0m] Reached target Network.
         Starting Initial cloud-init job (metadata service crawler)...
[   44.217784] cloud-init[964]: Cloud-init v. 17.1 running 'init' at Wed, 14 Feb 2018 20:21:25 +0000. Up 43.33 seconds.
[   44.296254] cloud-init[964]: ci-info: ++++++++++++++++++++++++++++++++++++++Net device info++++++++++++++++++++++++++++++++++++++
[   44.296623] cloud-init[964]: ci-info: +--------+-------+----------------------------+---------------+-------+-------------------+
[[0;32m  OK  [0m] Started Initial cloud-init job (metadata service crawler).
[   44.296827] cloud-init[964]: ci-info: | Device |   Up  |          Address           |      Mask     | Scope |     Hw-Address    |
[   44.568591] cloud-init[964]: ci-info: +--------+-------+----------------------------+---------------+-------+-------------------+
[   44.568941] cloud-init[964]: ci-info: | enp0s3 |  True |         10.0.2.15          | 255.255.255.0 |   .   | 02:78:11:2a:a4:64 |
[[0;32m  OK  [0m] Reached target Network is Online.
[   44.569144] cloud-init[964]: ci-info: | enp0s3 |  True | fe80::78:11ff:fe2a:a464/64 |       .       |  link | 02:78:11:2a:a4:64 |
[   44.752575] cloud-init[964]: ci-info: | enp0s8 | False |             .              |       .       |   .   | 08:00:27:dd:60:65 |
[   44.753039] cloud-init[964]: ci-info: |   lo   |  True |         127.0.0.1          |   255.0.0.0   |   .   |         .         |
         Starting iSCSI initiator daemon (iscsid)...
[   44.753388] cloud-init[964]: ci-info: |   lo   |  True |          ::1/128           |       .       |  host |         .         |
[   44.901244] cloud-init[964]: ci-info: +--------+-------+----------------------------+---------------+-------+-------------------+
[[0;32m  OK  [0m] Reached target System Initialization.
[[   44.901435] cloud-init[964]: ci-info: +++++++++++++++++++++++++++Route IPv4 info++++++++++++++++++++++++++++
[0;32m  OK  [0m] Listening on D-Bus System Message Bus Socket.
[[   45.113705] cloud-init[964]: ci-info: +-------+-------------+----------+---------------+-----------+-------+
[   45.225394] cloud-init[964]: ci-info: | Route | Destination | Gateway  |    Genmask    | Interface | Flags |
[0;32m  OK  [0m] Listening on UUID daemon activation socket.
[   45.225543] cloud-init[964]: ci-info: +-------+-------------+----------+---------------+-----------+-------+
[   45.417604] cloud-init[964]: ci-info: |   0   |   0.0.0.0   | 10.0.2.2 |    0.0.0.0    |   enp0s3  |   UG  |
[   45.418064] cloud-init[964]: ci-info: |   1   |   10.0.2.0  | 0.0.0.0  | 255.255.255.0 |   enp0s3  |   U   |
[[0;32m  OK  [0m] Listening on ACPID Listen Socket.
[[   45.418287] cloud-init[964]: ci-info: +-------+-------------+----------+---------------+-----------+-------+
[0;32m  OK  [0m] Started Daily Cleanup of Temporary Directories.
[   45.597278] cloud-init[964]: Generating public/private rsa key pair.
[   45.720353] cloud-init[964]: Your identification has been saved in /etc/ssh/ssh_host_rsa_key.
[   45.720793] cloud-init[964]: Your public key has been saved in /etc/ssh/ssh_host_rsa_key.pub.
[[0;32m  OK  [0m] Started ACPI Events Check.
[   45.721100] cloud-init[964]: The key fingerprint is:
[   45.839793] cloud-init[964]: SHA256:+pFAom2KCHX1e98t722o3XHCbRhRB3EK+qUvlnjK2D8 root@ubuntu-xenial
[[0;32m  OK  [0m] Reached target Paths.
[   45.839975] cloud-init[964]: The key's randomart image is:
[   46.004317] cloud-init[964]: +---[RSA 2048]----+
[   46.004835] cloud-init[964]: |      .     . oo+|
         Starting LXD - unix socket.
[   46.005167] cloud-init[964]: |     . .   . . +.|
         [   46.097516] Starting Socket activation for snappy daemon.cloud-init
[964]: |  . o . . .   +  |
[   46.136849] cloud-init[964]: | . + o   . . o . |
[   46.136954] cloud-init[964]: |. . o . S . o .  |
[   46.137158] cloud-init[964]: |o. o   o o o = = |
[[0;32m  OK  [0m] Started Timer to automatically refresh installed snaps.
[   46.137362] cloud-init[964]: |o .   . o . * Bo=|
[   46.293681] cloud-init[964]: |       . = +Eo.*=|
[[0;32m  OK  [0m] Started Daily apt download activities.
[[   46.294082] cloud-init[964]: |        o +.oo.o=|
[   46.352758] cloud-init[964]: +----[SHA256]-----+
[0;32m  OK  [0m] Started Daily apt upgrade and clean activities.
[   46.352987] cloud-init[964]: Generating public/private dsa key pair.
[   46.457454] cloud-init[964]: Your identification has been saved in /etc/ssh/ssh_host_dsa_key.
[[0;32m  OK  [0m] Reached target Timers.
[   46.457793] cloud-init[964]: Your public key has been saved in /etc/ssh/ssh_host_dsa_key.pub.
[[0;32m  OK  [0m] Reached target Cloud-config availability.
[   46.610156] cloud-init[964]: The key fingerprint is:
[[   46.732334] cloud-init[964]: SHA256:pHOxlnHb1KD70I9NnP6SQrr436IdT4Fe7p8HAf0grt4 root@ubuntu-xenial
[   46.732911] cloud-init[964]: The key's randomart image is:
[0;32m  OK  [0m] Listening on LXD - unix socket.
[   46.733152] cloud-init[964]: +---[DSA 1024]----+
[   46.848743] cloud-init[964]: |            ..   |
[[0;32m  OK  [0m] Listening on Socket activation for snappy daemon.
[   46.849074] cloud-init[964]: |           .ooo  |
[   46.936820] cloud-init[964]: |        + o..o.o |
[[0;32m  OK  [0m] Started iSCSI initiator daemon (iscsid).
[   46.937043] cloud-init[964]: |       o * *.o...|
         [   47.060506] Starting Login to default iSCSI targets...cloud-init
[964]: |      o S +.+ *. |
[[   47.061340] cloud-init[964]: |       +  .+.O.. |
[   47.121717] cloud-init[964]: |         . += *o |
[0;32m  OK  [0m] Reached target Sockets.
[   47.121870] cloud-init[964]: |         .o.E*o.o|
[   47.200989] cloud-init[964]: |        ..++oo+++|
[[0;32m  OK  [0m] Reached target Basic System.
[   47.201242] cloud-init[964]: +----[SHA256]-----+
[   47.340700] cloud-init[964]: Generating public/private ecdsa key pair.
[   47.341565] cloud-init[964]: Your identification has been saved in /etc/ssh/ssh_host_ecdsa_key.
[[0;32m  OK  [0m] Started Deferred execution scheduler.
[[   47.341783] [0;32m  OK  [0mcloud-init] [964]: Started Unattended Upgrades Shutdown.Your public key has been saved in /etc/ssh/ssh_host_ecdsa_key.pub.

[   47.556375] cloud-init[964]: The key fingerprint is:
[   47.556780] cloud-init[964]: SHA256:fq1lQGdZ7QsNffYGqmJP5lVIsBjHtsJn+4Zn4Lw4roY root@ubuntu-xenial
         Starting LSB: MD monitoring daemon...
[   47.556963] cloud-init[964]: The key's randomart image is:
[   47.704538] cloud-init[964]: +---[ECDSA 256]---+
[   47.705060] cloud-init[964]: |        ..o.  o. |
[[0;32m  OK  [0m] Started D-Bus System Message Bus.
[   47.705299] cloud-init[964]: |         +o..+..+|
[   47.805499] cloud-init[964]: |       ...oo+oo+o|
[   47.828381] cloud-init[964]: |        o.+oo...+|
[   47.828717] cloud-init[964]: |        S+.o ....|
[[0;32m  OK  [0m] Started ACPI event daemon.
[   47.828950] cloud-init[964]: |       .o *o.  . |
[   47.945251] cloud-init[964]: |     . ..O.=+    |
[   47.946490] cloud-init[964]: |    E . .o*+=    |
[   47.956459] cloud-init[964]: |     ..oo.o=     |
[   47.956898] cloud-init[964]: +----[SHA256]-----+
         Starting /etc/rc.local Compatibility...
[   47.957152] cloud-init[964]: Generating public/private ed25519 key pair.
[   48.112551] cloud-init[964]: Your identification has been saved in /etc/ssh/ssh_host_ed25519_key.
[   48.113095] cloud-init[964]: Your public key has been saved in /etc/ssh/ssh_host_ed25519_key.pub.
[[0;32m  OK  [0m] Started FUSE filesystem for LXC.
[   48.113411] cloud-init[964]: The key fingerprint is:
[   48.276529] cloud-init[964]: SHA256:teDL+o2/s1K/JQJ1NgfSLvqnueFmq3RSjrZm43d7q80 root@ubuntu-xenial
[   48.277154] cloud-init[964]: The key's randomart image is:
         Starting LSB: Record successful boot for GRUB...
[   48.277486] cloud-init[964]: +--[ED25519 256]--+
[   48.417314] cloud-init[964]: |          ...    |
[   48.417745] cloud-init[964]: |           ...   |
         Starting Pollinate to seed the pseudo random number generator...
[   48.417999] cloud-init[964]: |        . o.+ .  |
[   48.544287] cloud-init[964]: |       . +.+.o   |
[   48.544654] cloud-init[964]: |        S.o.     |
         Starting System Logging Service...
[   48.544820] cloud-init[964]: |       ..*.      |
[   48.648509] cloud-init[964]: |        Bo=.. .  |
[   48.649112] cloud-init[964]: |       +=B*++=.  |
         Starting Accounts Service...
[   48.649288] cloud-init[964]: |      .=*O@X+=E. |
[   48.768738] cloud-init[964]: +----[SHA256]-----+
[[0;32m  OK  [0m] Started Regular background program processing daemon.
         Starting Snappy daemon...
         Starting Apply the settings specified in cloud-config...
         Starting LXD - container startup/shutdown...
         Starting Login Service...
[[0;32m  OK  [0m] Started System Logging Service.
[[0;32m  OK  [0m] Started Snappy daemon.
[[0;32m  OK  [0m] Started /etc/rc.local Compatibility.
[[0;32m  OK  [0m] Started Pollinate to seed the pseudo random number generator.
[[0;32m  OK  [0m] Started LXD - container startup/shutdown.
[[0;32m  OK  [0m] Started LSB: MD monitoring daemon.
[[0;32m  OK  [0m] Started Login to default iSCSI targets.
[[0;32m  OK  [0m] Started LSB: Record successful boot for GRUB.
         Starting Authenticate and Authorize Users to Run Privileged Tasks...
[[0;32m  OK  [0m] Reached target Remote File Systems (Pre).
[[0;32m  OK  [0m] Reached target Remote File Systems.
[   49.524707] cloud-init[1143]: Generating locales (this might take a while)...
         Starting LSB: VirtualBox Linux Additions...
         Starting Permit User Sessions...
         Starting LSB: automatic crash report generation...
         Starting LSB: Set the CPU Frequency Scaling governor to "ondemand"...
         Starting LSB: daemon to balance interrupts for SMP systems...
         Starting OpenBSD Secure Shell server...
[[0;32m  OK  [0m] Started OpenBSD Secure Shell server.
[[0;32m  OK  [0m] Started Permit User Sessions.
[[0;32m  OK  [0m] Started Login Service.
[[0;32m  OK  [0m] Started Authenticate and Authorize Users to Run Privileged Tasks.
[[0;32m  OK  [0m] Started Accounts Service.
[[0;32m  OK  [0m] Created slice User Slice of vagrant.
[[0;32m  OK  [0m] Started Session 1 of user vagrant.
         Starting User Manager for UID 1000...
         Starting Terminate Plymouth Boot Screen...
         Starting Hold until boot process finishes up...
[[0;32m  OK  [0m] Started User Manager for UID 1000.
[[0;32m  OK  [0m] Started LSB: VirtualBox Linux Additions.
[[0;32m  OK  [0m] Started LSB: automatic crash report generation.
[[0;32m  OK  [0m] Started LSB: Set the CPU Frequency Scaling governor to "ondemand".
[[0;32m  OK  [0m] Started LSB: daemon to balance interrupts for SMP systems.
[[0;32m  OK  [0m] Started Terminate Plymouth Boot Screen.
[[0;32m  OK  [0m] Started Hold until boot process finishes up.
[   50.408589] cloud-init[1143]:   en_US.UTF-8... done
[[0;32m  OK  [0m] Started Serial Getty on ttyS0.
[   50.757344] cloud-init[1143]: Generation complete.
[[0;32m  OK  [0m] Started Getty on tty1.
[[0;32m  OK  [0m] Reached target Login Prompts.
[   50.848500] cloud-init[1143]: Cloud-init v. 17.1 running 'modules:config' at Wed, 14 Feb 2018 20:21:31 +0000. Up 49.32 seconds.
         Starting Set console scheme...
[[0;32m  OK  [0m] Reached target Multi-User System.
[[0;32m  OK  [0m] Reached target Graphical Interface.
         Starting Update UTMP about System Runlevel Changes...
[[0;32m  OK  [0m] Started Apply the settings specified in cloud-config.
[[0;32m  OK  [0m] Started Set console scheme.
[[0;32m  OK  [0m] Started Update UTMP about System Runlevel Changes.
         Starting Execute cloud user/final scripts...
ci-info: no authorized ssh keys fingerprints found for user ubuntu.
<14>Feb 14 20:21:34 ec2: 
<14>Feb 14 20:21:34 ec2: #############################################################
<14>Feb 14 20:21:34 ec2: -----BEGIN SSH HOST KEY FINGERPRINTS-----
<14>Feb 14 20:21:34 ec2: 1024 SHA256:pHOxlnHb1KD70I9NnP6SQrr436IdT4Fe7p8HAf0grt4 root@ubuntu-xenial (DSA)
<14>Feb 14 20:21:34 ec2: 256 SHA256:fq1lQGdZ7QsNffYGqmJP5lVIsBjHtsJn+4Zn4Lw4roY root@ubuntu-xenial (ECDSA)
<14>Feb 14 20:21:34 ec2: 256 SHA256:teDL+o2/s1K/JQJ1NgfSLvqnueFmq3RSjrZm43d7q80 root@ubuntu-xenial (ED25519)
<14>Feb 14 20:21:34 ec2: 2048 SHA256:+pFAom2KCHX1e98t722o3XHCbRhRB3EK+qUvlnjK2D8 root@ubuntu-xenial (RSA)
<14>Feb 14 20:21:34 ec2: -----END SSH HOST KEY FINGERPRINTS-----
<14>Feb 14 20:21:34 ec2: #############################################################
-----BEGIN SSH HOST KEY KEYS-----
ecdsa-sha2-nistp256 AAAAE2VjZHNhLXNoYTItbmlzdHAyNTYAAAAIbmlzdHAyNTYAAABBBI9KQqW+KynpQGmmgfoVnIAZCT1bkuobPrbKJxIE4Rj9eNa342EfQqidg/TUMIsOFX/yKPP9HN0H62PS1bZRSRg= root@ubuntu-xenial
ssh-ed25519 AAAAC3NzaC1lZDI1NTE5AAAAIFr3eYWKabklG1ctKIsOmWcMp7SQO/BW6HhNUEjnxfQ0 root@ubuntu-xenial
ssh-rsa AAAAB3NzaC1yc2EAAAADAQABAAABAQDKC/1jsFZdDWeTd2b1412QuGaMtLnKUew+dKAxGxUvsZOZDKoJEByigM5Mp65jW4NUkQAhNgEoDr67dMKzVxQUeyAVkKfXvevFySVNsPtwG6jfI5LY49/5w3DQOPN1LkshC6Keb4Sng3xHoj6ABUqr6Pdwdh1l0/bFWJsKhZQ5xeQA5FJFjw9CmNcEfcu2jqnBAI3DGaG+8bHnF59zFJxJ+9Ey9IbDUydCKEQk9r7U1UQiNE+9PmLtl3HFaTwFoZ/kQXzbvrKT48jLvxBs2K1XMTqIHsolSW+q2CMzr3/DzQ2KtzlvnlwXmrym3Zb+nua6SOMEfDXsVrRPrsm+KCyn root@ubuntu-xenial
-----END SSH HOST KEY KEYS-----
         Stopping User Manager for UID 1000...
[[0;32m  OK  [0m] Stopped User Manager for UID 1000.
[   53.606064] cloud-init[1341]: Cloud-init v. 17.1 running 'modules:final' at Wed, 14 Feb 2018 20:21:34 +0000. Up 51.86 seconds.
[   53.836454] [cloud-init[0;32m  OK  [0m[1341]: ] ci-info: no authorized ssh keys fingerprints found for user ubuntu.Started Execute cloud user/final scripts.

[   53.837137] cloud-init[1341]: Cloud-init v. 17.1 finished at Wed, 14 Feb 2018 20:21:36 +0000. Datasource DataSourceNoCloud [seed=/dev/sdb][dsmode=net].  Up 53.59 seconds
[[0;32m  OK  [0m] Removed slice User Slice of vagrant.
[[0;32m  OK  [0m] Reached target Cloud-init target.

Ubuntu 16.04.3 LTS ubuntu-xenial ttyS0

ubuntu-xenial login: 